Epochs:   0%|          | 0/60 [00:00<?, ?it/s]
Epochs:   2%|▏         | 1/60 [02:13<2:11:18, 133.53s/it]
Epochs:   3%|▎         | 2/60 [04:26<2:09:00, 133.46s/it]
Epochs:   5%|▌         | 3/60 [06:40<2:06:52, 133.56s/it]
Epochs:   7%|▋         | 4/60 [08:54<2:04:41, 133.59s/it]
Epochs:   8%|▊         | 5/60 [11:07<2:02:29, 133.63s/it]
Epochs:  10%|█         | 6/60 [13:21<2:00:16, 133.63s/it]
Epochs:  12%|█▏        | 7/60 [15:35<1:58:02, 133.63s/it]
Epochs:  13%|█▎        | 8/60 [17:48<1:55:48, 133.62s/it]
Epochs:  15%|█▌        | 9/60 [20:02<1:53:33, 133.59s/it]
Epochs:  17%|█▋        | 10/60 [22:28<1:54:39, 137.59s/it]Epoch: 10/60, average CE loss: 0.0467, {'accuracy': 0.7369, 'f1_score_weighted': 0.7015, 'f1_score_macro': 0.4069}

Epochs:  18%|█▊        | 11/60 [24:29<1:48:10, 132.45s/it]
Epochs:  20%|██        | 12/60 [26:30<1:43:08, 128.92s/it]
Epochs:  22%|██▏       | 13/60 [28:31<1:39:04, 126.48s/it]
Epochs:  23%|██▎       | 14/60 [30:32<1:35:39, 124.77s/it]
Epochs:  25%|██▌       | 15/60 [32:33<1:32:40, 123.58s/it]
Epochs:  27%|██▋       | 16/60 [34:33<1:30:00, 122.74s/it]
Epochs:  28%|██▊       | 17/60 [36:34<1:27:33, 122.16s/it]
Epochs:  30%|███       | 18/60 [38:35<1:25:13, 121.75s/it]
Epochs:  32%|███▏      | 19/60 [40:36<1:22:59, 121.46s/it]
Epochs:  33%|███▎      | 20/60 [42:49<1:23:26, 125.15s/it]Epoch: 20/60, average CE loss: 0.0228, {'accuracy': 0.7334, 'f1_score_weighted': 0.7077, 'f1_score_macro': 0.429}

Epochs:  35%|███▌      | 21/60 [44:50<1:20:29, 123.82s/it]
Epochs:  37%|███▋      | 22/60 [46:51<1:17:51, 122.92s/it]
Epochs:  38%|███▊      | 23/60 [48:52<1:15:25, 122.32s/it]
Epochs:  40%|████      | 24/60 [50:53<1:13:08, 121.91s/it]
Epochs:  42%|████▏     | 25/60 [52:54<1:10:55, 121.59s/it]
Epochs:  43%|████▎     | 26/60 [54:54<1:08:45, 121.34s/it]
Epochs:  45%|████▌     | 27/60 [56:55<1:06:38, 121.16s/it]
Epochs:  47%|████▋     | 28/60 [58:56<1:04:32, 121.02s/it]
Epochs:  48%|████▊     | 29/60 [1:00:57<1:02:28, 120.93s/it]
Epochs:  50%|█████     | 30/60 [1:03:10<1:02:22, 124.76s/it]Epoch: 30/60, average CE loss: 0.0120, {'accuracy': 0.7281, 'f1_score_weighted': 0.7042, 'f1_score_macro': 0.4284}

Epochs:  52%|█████▏    | 31/60 [1:05:11<59:42, 123.55s/it]  
Epochs:  53%|█████▎    | 32/60 [1:07:12<57:15, 122.69s/it]
Epochs:  55%|█████▌    | 33/60 [1:09:12<54:56, 122.09s/it]
Epochs:  57%|█████▋    | 34/60 [1:11:13<52:43, 121.68s/it]
Epochs:  58%|█████▊    | 35/60 [1:13:14<50:34, 121.40s/it]
Epochs:  60%|██████    | 36/60 [1:15:15<48:28, 121.20s/it]
Epochs:  62%|██████▏   | 37/60 [1:17:15<46:24, 121.06s/it]
Epochs:  63%|██████▎   | 38/60 [1:19:16<44:21, 120.96s/it]
Epochs:  65%|██████▌   | 39/60 [1:21:17<42:18, 120.88s/it]
Epochs:  67%|██████▋   | 40/60 [1:23:30<41:34, 124.73s/it]Epoch: 40/60, average CE loss: 0.0054, {'accuracy': 0.7444, 'f1_score_weighted': 0.7171, 'f1_score_macro': 0.4509}

Epochs:  68%|██████▊   | 41/60 [1:25:31<39:06, 123.51s/it]
Epochs:  70%|███████   | 42/60 [1:27:32<36:47, 122.67s/it]
Epochs:  72%|███████▏  | 43/60 [1:29:33<34:35, 122.07s/it]
Epochs:  73%|███████▎  | 44/60 [1:31:33<32:26, 121.66s/it]
Epochs:  75%|███████▌  | 45/60 [1:33:34<30:20, 121.37s/it]
Epochs:  77%|███████▋  | 46/60 [1:35:35<28:16, 121.18s/it]
Epochs:  78%|███████▊  | 47/60 [1:37:35<26:13, 121.03s/it]
Epochs:  80%|████████  | 48/60 [1:39:36<24:11, 120.94s/it]
Epochs:  82%|████████▏ | 49/60 [1:41:37<22:09, 120.86s/it]
Epochs:  83%|████████▎ | 50/60 [1:43:50<20:47, 124.70s/it]Epoch: 50/60, average CE loss: 0.0032, {'accuracy': 0.7561, 'f1_score_weighted': 0.7246, 'f1_score_macro': 0.4589}

Epochs:  85%|████████▌ | 51/60 [1:45:51<18:31, 123.49s/it]
Epochs:  87%|████████▋ | 52/60 [1:47:52<16:21, 122.64s/it]
Epochs:  88%|████████▊ | 53/60 [1:49:52<14:14, 122.06s/it]
Epochs:  90%|█████████ | 54/60 [1:51:53<12:09, 121.64s/it]
Epochs:  92%|█████████▏| 55/60 [1:53:54<10:06, 121.34s/it]
Epochs:  93%|█████████▎| 56/60 [1:55:54<08:04, 121.14s/it]
Epochs:  95%|█████████▌| 57/60 [1:57:55<06:03, 121.00s/it]
Epochs:  97%|█████████▋| 58/60 [1:59:56<04:01, 120.91s/it]
Epochs:  98%|█████████▊| 59/60 [2:01:56<02:00, 120.84s/it]
Epochs: 100%|██████████| 60/60 [2:04:10<00:00, 124.71s/it]
Epochs: 100%|██████████| 60/60 [2:04:10<00:00, 124.18s/it]
Epoch: 60/60, average CE loss: 0.0023, {'accuracy': 0.7588, 'f1_score_weighted': 0.7224, 'f1_score_macro': 0.445}
